<?xml version="1.0" encoding="UTF-8"?>
<testsuite name="com.restcode.configservice.ConfigServiceApplicationTests" tests="1" skipped="0" failures="0" errors="0" timestamp="2021-11-27T22:51:34" hostname="MacBook-Pro-de-Marco.local" time="3.033">
  <properties/>
  <testcase name="contextLoads()" classname="com.restcode.configservice.ConfigServiceApplicationTests" time="3.033"/>
  <system-out><![CDATA[17:51:11.361 [Test worker] DEBUG org.springframework.test.context.BootstrapUtils - Instantiating CacheAwareContextLoaderDelegate from class [org.springframework.test.context.cache.DefaultCacheAwareContextLoaderDelegate]
17:51:11.400 [Test worker] DEBUG org.springframework.test.context.BootstrapUtils - Instantiating BootstrapContext using constructor [public org.springframework.test.context.support.DefaultBootstrapContext(java.lang.Class,org.springframework.test.context.CacheAwareContextLoaderDelegate)]
17:51:11.736 [Test worker] DEBUG org.springframework.test.context.BootstrapUtils - Instantiating TestContextBootstrapper for test class [com.restcode.configservice.ConfigServiceApplicationTests] from class [org.springframework.boot.test.context.SpringBootTestContextBootstrapper]
17:51:11.772 [Test worker] INFO org.springframework.boot.test.context.SpringBootTestContextBootstrapper - Neither @ContextConfiguration nor @ContextHierarchy found for test class [com.restcode.configservice.ConfigServiceApplicationTests], using SpringBootContextLoader
17:51:11.784 [Test worker] DEBUG org.springframework.test.context.support.AbstractContextLoader - Did not detect default resource location for test class [com.restcode.configservice.ConfigServiceApplicationTests]: class path resource [com/restcode/configservice/ConfigServiceApplicationTests-context.xml] does not exist
17:51:11.785 [Test worker] DEBUG org.springframework.test.context.support.AbstractContextLoader - Did not detect default resource location for test class [com.restcode.configservice.ConfigServiceApplicationTests]: class path resource [com/restcode/configservice/ConfigServiceApplicationTestsContext.groovy] does not exist
17:51:11.788 [Test worker] INFO org.springframework.test.context.support.AbstractContextLoader - Could not detect default resource locations for test class [com.restcode.configservice.ConfigServiceApplicationTests]: no resource found for suffixes {-context.xml, Context.groovy}.
17:51:11.790 [Test worker] INFO org.springframework.test.context.support.AnnotationConfigContextLoaderUtils - Could not detect default configuration classes for test class [com.restcode.configservice.ConfigServiceApplicationTests]: ConfigServiceApplicationTests does not declare any static, non-private, non-final, nested classes annotated with @Configuration.
17:51:12.220 [Test worker] DEBUG org.springframework.test.context.support.ActiveProfilesUtils - Could not find an 'annotation declaring class' for annotation type [org.springframework.test.context.ActiveProfiles] and class [com.restcode.configservice.ConfigServiceApplicationTests]
17:51:12.612 [Test worker] DEBUG org.springframework.context.annotation.ClassPathScanningCandidateComponentProvider - Identified candidate component class: file [/Users/marcomnrq/IdeaProjects/restcode-fas/config-service/build/classes/java/main/com/restcode/configservice/ConfigServiceApplication.class]
17:51:12.619 [Test worker] INFO org.springframework.boot.test.context.SpringBootTestContextBootstrapper - Found @SpringBootConfiguration com.restcode.configservice.ConfigServiceApplication for test class com.restcode.configservice.ConfigServiceApplicationTests
17:51:13.368 [Test worker] DEBUG org.springframework.boot.test.context.SpringBootTestContextBootstrapper - @TestExecutionListeners is not present for class [com.restcode.configservice.ConfigServiceApplicationTests]: using defaults.
17:51:13.370 [Test worker] INFO org.springframework.boot.test.context.SpringBootTestContextBootstrapper - Loaded default TestExecutionListener class names from location [META-INF/spring.factories]: [org.springframework.security.test.context.support.WithSecurityContextTestExecutionListener, org.springframework.security.test.context.support.ReactorContextTestExecutionListener, org.springframework.boot.test.autoconfigure.restdocs.RestDocsTestExecutionListener, org.springframework.boot.test.autoconfigure.web.client.MockRestServiceServerResetTestExecutionListener, org.springframework.boot.test.autoconfigure.web.servlet.MockMvcPrintOnlyOnFailureTestExecutionListener, org.springframework.boot.test.autoconfigure.web.servlet.WebDriverTestExecutionListener, org.springframework.boot.test.autoconfigure.webservices.client.MockWebServiceServerTestExecutionListener, org.springframework.boot.test.mock.mockito.MockitoTestExecutionListener, org.springframework.boot.test.mock.mockito.ResetMocksTestExecutionListener, org.springframework.test.context.web.ServletTestExecutionListener, org.springframework.test.context.support.DirtiesContextBeforeModesTestExecutionListener, org.springframework.test.context.event.ApplicationEventsTestExecutionListener, org.springframework.test.context.support.DependencyInjectionTestExecutionListener, org.springframework.test.context.support.DirtiesContextTestExecutionListener, org.springframework.test.context.transaction.TransactionalTestExecutionListener, org.springframework.test.context.jdbc.SqlScriptsTestExecutionListener, org.springframework.test.context.event.EventPublishingTestExecutionListener]
17:51:13.414 [Test worker] DEBUG org.springframework.boot.test.context.SpringBootTestContextBootstrapper - Skipping candidate TestExecutionListener [org.springframework.test.context.transaction.TransactionalTestExecutionListener] due to a missing dependency. Specify custom listener classes or make the default listener classes and their required dependencies available. Offending class: [org/springframework/transaction/interceptor/TransactionAttributeSource]
17:51:13.415 [Test worker] DEBUG org.springframework.boot.test.context.SpringBootTestContextBootstrapper - Skipping candidate TestExecutionListener [org.springframework.test.context.jdbc.SqlScriptsTestExecutionListener] due to a missing dependency. Specify custom listener classes or make the default listener classes and their required dependencies available. Offending class: [org/springframework/transaction/interceptor/TransactionAttribute]
17:51:13.416 [Test worker] INFO org.springframework.boot.test.context.SpringBootTestContextBootstrapper - Using TestExecutionListeners: [org.springframework.test.context.web.ServletTestExecutionListener@f667fe, org.springframework.test.context.support.DirtiesContextBeforeModesTestExecutionListener@788fcafb, org.springframework.test.context.event.ApplicationEventsTestExecutionListener@4febb875, org.springframework.boot.test.mock.mockito.MockitoTestExecutionListener@25e2a451, org.springframework.boot.test.autoconfigure.SpringBootDependencyInjectionTestExecutionListener@1698ee84, org.springframework.test.context.support.DirtiesContextTestExecutionListener@10c626be, org.springframework.security.test.context.support.WithSecurityContextTestExecutionListener@2fc0cc3, org.springframework.test.context.event.EventPublishingTestExecutionListener@328cf0e1, org.springframework.security.test.context.support.ReactorContextTestExecutionListener@63b1d4fa, org.springframework.boot.test.autoconfigure.restdocs.RestDocsTestExecutionListener@42e3ede4, org.springframework.boot.test.autoconfigure.web.client.MockRestServiceServerResetTestExecutionListener@201b6b6f, org.springframework.boot.test.autoconfigure.web.servlet.MockMvcPrintOnlyOnFailureTestExecutionListener@75459c75, org.springframework.boot.test.autoconfigure.web.servlet.WebDriverTestExecutionListener@183e8023, org.springframework.boot.test.autoconfigure.webservices.client.MockWebServiceServerTestExecutionListener@45efc20d, org.springframework.boot.test.mock.mockito.ResetMocksTestExecutionListener@3e5499cc]
17:51:13.425 [Test worker] DEBUG org.springframework.test.context.support.AbstractDirtiesContextTestExecutionListener - Before test class: context [DefaultTestContext@5f031ebd testClass = ConfigServiceApplicationTests, testInstance = [null], testMethod = [null], testException = [null], mergedContextConfiguration = [WebMergedContextConfiguration@4ee37ca3 testClass = ConfigServiceApplicationTests, locations = '{}', classes = '{class com.restcode.configservice.ConfigServiceApplication}', contextInitializerClasses = '[]', activeProfiles = '{}', propertySourceLocations = '{}', propertySourceProperties = '{org.springframework.boot.test.context.SpringBootTestContextBootstrapper=true}', contextCustomizers = set[org.springframework.boot.test.autoconfigure.actuate.metrics.MetricsExportContextCustomizerFactory$DisableMetricExportContextCustomizer@41294f8, org.springframework.boot.test.autoconfigure.properties.PropertyMappingContextCustomizer@0, org.springframework.boot.test.autoconfigure.web.servlet.WebDriverContextCustomizerFactory$Customizer@5454d35e, org.springframework.boot.test.context.filter.ExcludeFilterContextCustomizer@1ab06251, org.springframework.boot.test.json.DuplicateJsonObjectContextCustomizerFactory$DuplicateJsonObjectContextCustomizer@1115ec15, org.springframework.boot.test.mock.mockito.MockitoContextCustomizer@0, org.springframework.boot.test.web.client.TestRestTemplateContextCustomizer@7393222f, org.springframework.boot.test.context.SpringBootTestArgs@1, org.springframework.boot.test.context.SpringBootTestWebEnvironment@63475ace], resourceBasePath = 'src/main/webapp', contextLoader = 'org.springframework.boot.test.context.SpringBootContextLoader', parent = [null]], attributes = map['org.springframework.test.context.web.ServletTestExecutionListener.activateListener' -> true]], class annotated with @DirtiesContext [false] with mode [null].
17:51:13.959 [Test worker] DEBUG org.springframework.test.context.support.TestPropertySourceUtils - Adding inlined properties to environment: {spring.jmx.enabled=false, org.springframework.boot.test.context.SpringBootTestContextBootstrapper=true}

  .   ____          _            __ _ _
 /\\ / ___'_ __ _ _(_)_ __  __ _ \ \ \ \
( ( )\___ | '_ | '_| | '_ \/ _` | \ \ \ \
 \\/  ___)| |_)| | | | | || (_| |  ) ) ) )
  '  |____| .__|_| |_|_| |_\__, | / / / /
 =========|_|==============|___/=/_/_/_/
 :: Spring Boot ::                (v2.5.5)

2021-11-27 17:51:19.025  INFO 5988 --- [    Test worker] c.r.c.ConfigServiceApplicationTests      : No active profile set, falling back to default profiles: default
2021-11-27 17:51:22.744  INFO 5988 --- [    Test worker] o.s.cloud.context.scope.GenericScope     : BeanFactory id=9cf48fdb-3b56-38ea-be13-76e9b2cc0da8
2021-11-27 17:51:29.891  INFO 5988 --- [    Test worker] o.s.s.web.DefaultSecurityFilterChain     : Will secure any request with [org.springframework.security.web.context.request.async.WebAsyncManagerIntegrationFilter@19ad75e5, org.springframework.security.web.context.SecurityContextPersistenceFilter@61da0413, org.springframework.security.web.header.HeaderWriterFilter@55a0f011, org.springframework.security.web.csrf.CsrfFilter@39652a30, org.springframework.security.web.authentication.logout.LogoutFilter@6b42e36d, org.springframework.security.web.authentication.UsernamePasswordAuthenticationFilter@4faf1f4, org.springframework.security.web.authentication.ui.DefaultLoginPageGeneratingFilter@61b60600, org.springframework.security.web.authentication.ui.DefaultLogoutPageGeneratingFilter@7cd5fcf4, org.springframework.security.web.authentication.www.BasicAuthenticationFilter@25ce435, org.springframework.security.web.savedrequest.RequestCacheAwareFilter@2017f6e6, org.springframework.security.web.servletapi.SecurityContextHolderAwareRequestFilter@4bc9ca97, org.springframework.security.web.authentication.AnonymousAuthenticationFilter@19cdc217, org.springframework.security.web.session.SessionManagementFilter@ceb7701, org.springframework.security.web.access.ExceptionTranslationFilter@454bcbbf, org.springframework.security.web.access.intercept.FilterSecurityInterceptor@ef86c72]
2021-11-27 17:51:34.075  INFO 5988 --- [    Test worker] c.r.c.ConfigServiceApplicationTests      : Started ConfigServiceApplicationTests in 20.046 seconds (JVM running for 27.863)
]]></system-out>
  <system-err><![CDATA[]]></system-err>
</testsuite>
